JD Skills extracted: ['python', 'java', 'javascript', 'react', 'html', 'css', 'node.js', 'sql', 'mongodb', 'postgresql', 'mysql']

======================================================================
  IVAN - Feature Breakdown
======================================================================
  Matched skills (10): ['java', 'javascript', 'sql', 'machine learning', 'html', 'css', 'flask', 'pandas', 'rest api', 'linux']
  JD matched skills (5): ['java', 'javascript', 'sql', 'html', 'css']
  JD overlap score: 0.455
  Skills count: 10
  Has experience text: 1
  Has contact info: 1
  Experience years: 13
  Certificate mentions: ['certifications', 'google cloud associate engineer']

======================================================================
  MALLORY - Feature Breakdown
======================================================================
  Matched skills (11): ['python', 'java', 'react', 'machine learning', 'data analysis', 'docker', 'node.js', 'tensorflow', 'agile', 'linux', 'deep learning']
  JD matched skills (4): ['python', 'java', 'react', 'node.js']
  JD overlap score: 0.364
  Skills count: 11
  Has experience text: 1
  Has contact info: 1
  Experience years: 14
  Certificate mentions: ['certifications', 'coursera deep learning specialization']
